0 info it worked if it ends with ok
1 verbose cli [ '/usr/local/bin/node',
1 verbose cli   '/usr/local/bin/npm',
1 verbose cli   'unpublish',
1 verbose cli   'web-base-frame',
1 verbose cli   '--force' ]
2 info using npm@4.1.2
3 info using node@v7.5.0
4 warn using --force I sure hope you know what you are doing.
5 silly unpublish args[0] web-base-frame
6 silly unpublish thing Result {
6 silly unpublish   raw: 'web-base-frame',
6 silly unpublish   scope: null,
6 silly unpublish   escapedName: 'web-base-frame',
6 silly unpublish   name: 'web-base-frame',
6 silly unpublish   rawSpec: '',
6 silly unpublish   spec: 'latest',
6 silly unpublish   type: 'tag' }
7 verbose getPublishConfig null
8 silly ls normalized web-base-frame
9 silly gentlyRm /Users/mike.cai/.npm/web-base-frame is being purged
10 verbose gentlyRm don't care about contents; nuking /Users/mike.cai/.npm/web-base-frame
11 silly vacuum-fs purging /Users/mike.cai/.npm/web-base-frame
12 silly vacuum-fs quitting because other entries in /Users/mike.cai/.npm
13 silly mapToRegistry name web-base-frame
14 silly mapToRegistry using default registry
15 silly mapToRegistry registry https://registry.npmjs.org/
16 silly mapToRegistry data Result {
16 silly mapToRegistry   raw: 'web-base-frame',
16 silly mapToRegistry   scope: null,
16 silly mapToRegistry   escapedName: 'web-base-frame',
16 silly mapToRegistry   name: 'web-base-frame',
16 silly mapToRegistry   rawSpec: '',
16 silly mapToRegistry   spec: 'latest',
16 silly mapToRegistry   type: 'tag' }
17 silly mapToRegistry uri https://registry.npmjs.org/web-base-frame
18 verbose get GET as part of write; not caching result
19 verbose request uri https://registry.npmjs.org/web-base-frame?write=true
20 verbose request no auth needed
21 info attempt registry request try #1 at 14:24:41
22 verbose request using bearer token for auth
23 verbose request id d07cc9432caccca3
24 http request GET https://registry.npmjs.org/web-base-frame?write=true
25 http 200 https://registry.npmjs.org/web-base-frame?write=true
26 verbose headers { server: 'CouchDB/1.5.0 (Erlang OTP/R16B03)',
26 verbose headers   'content-type': 'application/json',
26 verbose headers   etag: '"5923d517-161"',
26 verbose headers   'content-encoding': 'gzip',
26 verbose headers   'cache-control': 'max-age=0',
26 verbose headers   'transfer-encoding': 'chunked',
26 verbose headers   'accept-ranges': 'bytes',
26 verbose headers   date: 'Tue, 23 May 2017 06:24:52 GMT',
26 verbose headers   via: '1.1 varnish',
26 verbose headers   connection: 'keep-alive',
26 verbose headers   'x-served-by': 'cache-nrt6134-NRT',
26 verbose headers   'x-cache': 'MISS',
26 verbose headers   'x-cache-hits': '0',
26 verbose headers   'x-timer': 'S1495520693.793136,VS0,VE168',
26 verbose headers   vary: 'Accept-Encoding' }
27 silly get cb [ 200,
27 silly get   { server: 'CouchDB/1.5.0 (Erlang OTP/R16B03)',
27 silly get     'content-type': 'application/json',
27 silly get     etag: '"5923d517-161"',
27 silly get     'content-encoding': 'gzip',
27 silly get     'cache-control': 'max-age=0',
27 silly get     'transfer-encoding': 'chunked',
27 silly get     'accept-ranges': 'bytes',
27 silly get     date: 'Tue, 23 May 2017 06:24:52 GMT',
27 silly get     via: '1.1 varnish',
27 silly get     connection: 'keep-alive',
27 silly get     'x-served-by': 'cache-nrt6134-NRT',
27 silly get     'x-cache': 'MISS',
27 silly get     'x-cache-hits': '0',
27 silly get     'x-timer': 'S1495520693.793136,VS0,VE168',
27 silly get     vary: 'Accept-Encoding' } ]
28 verbose get saving web-base-frame to /Users/mike.cai/.npm/registry.npmjs.org/web-base-frame_3Fwrite_3Dtrue/.cache.json
29 verbose correctMkdir /Users/mike.cai/.npm correctMkdir not in flight; initializing
30 info unpublish No version specified, removing all
31 verbose request uri https://registry.npmjs.org/web-base-frame/-rev/5-b366906c8debb9c3e40201a9ed000a47
32 verbose request sending authorization for write operation
33 info attempt registry request try #1 at 14:24:43
34 verbose request using bearer token for auth
35 http request DELETE https://registry.npmjs.org/web-base-frame/-rev/5-b366906c8debb9c3e40201a9ed000a47
36 http 503 https://registry.npmjs.org/web-base-frame/-rev/5-b366906c8debb9c3e40201a9ed000a47
37 verbose bad json <?xml version="1.0" encoding="utf-8"?>
37 verbose bad json <!DOCTYPE html PUBLIC "-//W3C//DTD XHTML 1.0 Strict//EN"
37 verbose bad json  "http://www.w3.org/TR/xhtml1/DTD/xhtml1-strict.dtd">
37 verbose bad json <html>
37 verbose bad json   <head>
37 verbose bad json     <title>503 first byte timeout</title>
37 verbose bad json   </head>
37 verbose bad json   <body>
37 verbose bad json     <h1>Error 503 first byte timeout</h1>
37 verbose bad json     <p>first byte timeout</p>
37 verbose bad json     <h3>Guru Mediation:</h3>
37 verbose bad json     <p>Details: cache-nrt6134-NRT 1495520724 801857265</p>
37 verbose bad json     <hr>
37 verbose bad json     <p>Varnish cache server</p>
37 verbose bad json   </body>
37 verbose bad json </html>
38 error registry error parsing json
39 verbose headers { server: 'Varnish',
39 verbose headers   'retry-after': '0',
39 verbose headers   'content-type': 'text/html; charset=utf-8',
39 verbose headers   'content-length': '447',
39 verbose headers   'accept-ranges': 'bytes',
39 verbose headers   date: 'Tue, 23 May 2017 06:25:23 GMT',
39 verbose headers   via: '1.1 varnish',
39 verbose headers   connection: 'close',
39 verbose headers   'x-served-by': 'cache-nrt6134-NRT',
39 verbose headers   'x-cache': 'MISS',
39 verbose headers   'x-cache-hits': '0',
39 verbose headers   'x-timer': 'S1495520693.413819,VS0,VE30269' }
40 info retry will retry, error on last attempt: SyntaxError: Unexpected token < in JSON at position 1
40 info retry
40 info retry <?xml version="1.0" encoding="utf-8"?>
40 info retry <!DOCTYPE html PUBLIC "-//W3C//DTD XHTML 1.0 Strict//EN"
40 info retry  "http://www.w3.org/TR/xhtml1/DTD/xhtml1-strict.dtd">
40 info retry <html>
40 info retry   <head>
40 info retry     <title>503 first byte timeout</title>
40 info retry   </head>
40 info retry   <body>
40 info retry     <h1>Error 503 first byte timeout</h1>
40 info retry     <p>first byte timeout</p>
40 info retry     <h3>Guru Mediation:</h3>
40 info retry     <p>Details: cache-nrt6134-NRT 1495520724 801857265</p>
40 info retry     <hr>
40 info retry     <p>Varnish cache server</p>
40 info retry   </body>
40 info retry </html>
41 info attempt registry request try #2 at 14:25:23
42 verbose request using bearer token for auth
43 http request DELETE https://registry.npmjs.org/web-base-frame/-rev/5-b366906c8debb9c3e40201a9ed000a47
44 http 403 https://registry.npmjs.org/web-base-frame/-rev/5-b366906c8debb9c3e40201a9ed000a47
45 verbose headers { 'content-type': 'application/json',
45 verbose headers   'cache-control': 'max-age=300',
45 verbose headers   'content-length': '108',
45 verbose headers   'accept-ranges': 'bytes',
45 verbose headers   date: 'Tue, 23 May 2017 06:25:35 GMT',
45 verbose headers   via: '1.1 varnish',
45 verbose headers   connection: 'keep-alive',
45 verbose headers   'x-served-by': 'cache-itm7423-ITM',
45 verbose headers   'x-cache': 'MISS',
45 verbose headers   'x-cache-hits': '0',
45 verbose headers   'x-timer': 'S1495520735.805953,VS0,VE616',
45 verbose headers   vary: 'Accept-Encoding' }
46 verbose request invalidating /Users/mike.cai/.npm/registry.npmjs.org/web-base-frame on DELETE
47 verbose stack Error: you do not have permission to publish "web-base-frame". Are you logged in as the correct user? : web-base-frame
47 verbose stack     at makeError (/usr/local/lib/node_modules/npm/node_modules/npm-registry-client/lib/request.js:304:12)
47 verbose stack     at CachingRegistryClient.<anonymous> (/usr/local/lib/node_modules/npm/node_modules/npm-registry-client/lib/request.js:292:14)
47 verbose stack     at Request._callback (/usr/local/lib/node_modules/npm/node_modules/npm-registry-client/lib/request.js:212:14)
47 verbose stack     at Request.self.callback (/usr/local/lib/node_modules/npm/node_modules/request/request.js:186:22)
47 verbose stack     at emitTwo (events.js:106:13)
47 verbose stack     at Request.emit (events.js:192:7)
47 verbose stack     at Request.<anonymous> (/usr/local/lib/node_modules/npm/node_modules/request/request.js:1081:10)
47 verbose stack     at emitOne (events.js:96:13)
47 verbose stack     at Request.emit (events.js:189:7)
47 verbose stack     at IncomingMessage.<anonymous> (/usr/local/lib/node_modules/npm/node_modules/request/request.js:1001:12)
48 verbose statusCode 403
49 verbose pkgid web-base-frame
50 verbose cwd /Users/mike.cai/workspace/generator-angular-package/ng-base-frame
51 error Darwin 16.1.0
52 error argv "/usr/local/bin/node" "/usr/local/bin/npm" "unpublish" "web-base-frame" "--force"
53 error node v7.5.0
54 error npm  v4.1.2
55 error code E403
56 error you do not have permission to publish "web-base-frame". Are you logged in as the correct user? : web-base-frame
57 error If you need help, you may report this error at:
57 error     <https://github.com/npm/npm/issues>
58 verbose exit [ 1, true ]
